<?xml version="1.0" encoding="UTF-8"?>
<!-- Generated by org.testng.reporters.JUnitXMLReporter -->
<testsuite hostname="NOI-73JS6C2" tests="4" failures="0" timestamp="22 May 2017 20:40:24 GMT" time="103.044" errors="0">
  <testcase name="LoginPage_AllLinks" time="30.918" classname="NewTest"/>
  <testcase name="LoginFunctionality" time="5.258" classname="NewTest"/>
  <testcase name="SetLocation_Test" time="35.793" classname="NewTest"/>
  <testcase name="HomePage_AllLinks" time="21.557" classname="NewTest"/>
</testsuite>
