<?xml version="1.0" encoding="UTF-8"?>
<testng-results skipped="0" failed="0" total="4" passed="4">
  <reporter-output>
  </reporter-output>
  <suite name="Default suite" duration-ms="103044" started-at="2017-05-22T20:38:41Z" finished-at="2017-05-22T20:40:24Z">
    <groups>
    </groups>
    <test name="Default test" duration-ms="103044" started-at="2017-05-22T20:38:41Z" finished-at="2017-05-22T20:40:24Z">
      <class name="NewTest">
        <test-method status="PASS" signature="beforeClass()[pri:0, instance:NewTest@64bf3bbf]" name="beforeClass" is-config="true" duration-ms="9498" started-at="2017-05-23T02:08:41Z" finished-at="2017-05-23T02:08:51Z">
          <reporter-output>
          </reporter-output>
        </test-method> <!-- beforeClass -->
        <test-method status="PASS" signature="LoginPage_AllLinks()[pri:0, instance:NewTest@64bf3bbf]" name="LoginPage_AllLinks" duration-ms="30918" started-at="2017-05-23T02:08:51Z" finished-at="2017-05-23T02:09:21Z">
          <reporter-output>
          </reporter-output>
        </test-method> <!-- LoginPage_AllLinks -->
        <test-method status="PASS" signature="LoginFunctionality()[pri:0, instance:NewTest@64bf3bbf]" name="LoginFunctionality" duration-ms="5258" started-at="2017-05-23T02:09:21Z" finished-at="2017-05-23T02:09:27Z">
          <reporter-output>
          </reporter-output>
        </test-method> <!-- LoginFunctionality -->
        <test-method status="PASS" signature="SetLocation_Test()[pri:0, instance:NewTest@64bf3bbf]" name="SetLocation_Test" duration-ms="35793" started-at="2017-05-23T02:09:27Z" finished-at="2017-05-23T02:10:03Z">
          <reporter-output>
          </reporter-output>
        </test-method> <!-- SetLocation_Test -->
        <test-method status="PASS" signature="HomePage_AllLinks()[pri:0, instance:NewTest@64bf3bbf]" name="HomePage_AllLinks" duration-ms="21557" started-at="2017-05-23T02:10:03Z" finished-at="2017-05-23T02:10:24Z">
          <reporter-output>
          </reporter-output>
        </test-method> <!-- HomePage_AllLinks -->
        <test-method status="PASS" signature="afterClass()[pri:0, instance:NewTest@64bf3bbf]" name="afterClass" is-config="true" duration-ms="1" started-at="2017-05-23T02:10:24Z" finished-at="2017-05-23T02:10:24Z">
          <reporter-output>
          </reporter-output>
        </test-method> <!-- afterClass -->
      </class> <!-- NewTest -->
    </test> <!-- Default test -->
  </suite> <!-- Default suite -->
</testng-results>
